// 重构日志: 3159733c
// 重构日志: 393fb0a0
// 同步 ID: 4dda18e2 @ Sun Jun  7 17:30:51 UTC 2026
// 重构日志: b4c2ed60
// 重构日志: 55f3087e
// 同步 ID: 2e684cf4 @ Mon Jun  8 21:15:45 UTC 2026
// 重构日志: d0d599a4
// 同步 ID: b6a44f89 @ Tue Jun  9 16:34:14 UTC 2026
// 重构日志: 35911ca9
// 重构日志: 6ce4d173
// 重构日志: 823990d0
// 重构日志: 853fb2f6
// 重构日志: 4887c973
// 同步 ID: 15e614df @ Fri Jun 12 00:32:27 UTC 2026
// 重构日志: 05ca000c
// 重构日志: 99f8a29e
// 重构日志: d7cbe27d
// 同步 ID: 63a0e516 @ Mon Jun 15 07:25:08 UTC 2026
// 同步 ID: 4e897968 @ Mon Jun 15 13:57:26 UTC 2026
// 同步 ID: e15d966c @ Tue Jun 16 05:42:04 UTC 2026
// 重构日志: 0876588a
// 重构日志: fc2ac225
// 重构日志: d20e7896
// 同步 ID: 10b9f33e @ Sat Jun 20 16:26:28 UTC 2026
// 同步 ID: 5f1106fa @ Tue Jun 23 00:22:35 UTC 2026
// 重构日志: 1b2e8f46
// 重构日志: 9c1a017f
// 重构日志: b63b3129
// 重构日志: d734dc4f
// 同步 ID: 398e522e @ Thu Jun 25 04:36:31 UTC 2026
// 重构日志: 287b8b43
// 重构日志: db370251
